warning: only one CPU, which may conceal locking bugs
Test (2B): basic agreement ...
  ... Passed --   0.4  3   18    4996    3
Test (2B): RPC byte count ...
  ... Passed --   0.8  3   52  116016   11
Test (2B): agreement despite follower disconnection ...
  ... Passed --   3.2  3  286   80046    7
Test (2B): no agreement if too many followers disconnect ...
  ... Passed --   3.4  5  652  152510    4
Test (2B): concurrent Start()s ...
  ... Passed --   0.5  3   32    9464    6
Test (2B): rejoin of partitioned leader ...
  ... Passed --   5.7  3  628  158161    4
Test (2B): leader backs up quickly over incorrect follower logs ...
  ... Passed --   9.9  5 3228 2636494  102
Test (2B): RPC counts aren't too high ...
--- FAIL: TestCount2B (0.55s)
    test_test.go:495: too many or few RPCs (36) to elect initial leader
FAIL
exit status 1
FAIL	6.824/raft	24.409s
