warning: only one CPU, which may conceal locking bugs
Test (2B): basic agreement ...
  ... Passed --   0.4  3   14    4082    3
Test (2B): RPC byte count ...
  ... Passed --   0.7  3   48  114614   11
Test (2B): agreement despite follower disconnection ...
  ... Passed --   3.1  3  282   79241    7
Test (2B): no agreement if too many followers disconnect ...
  ... Passed --   3.3  5  668  158026    4
Test (2B): concurrent Start()s ...
  ... Passed --   0.5  3   32    9452    6
Test (2B): rejoin of partitioned leader ...
  ... Passed --   5.7  3  834  190482    5
Test (2B): leader backs up quickly over incorrect follower logs ...
  ... Passed --  10.1  5 3288 2685280  102
Test (2B): RPC counts aren't too high ...
--- FAIL: TestCount2B (0.55s)
    test_test.go:495: too many or few RPCs (36) to elect initial leader
FAIL
exit status 1
FAIL	6.824/raft	24.528s
