warning: only one CPU, which may conceal locking bugs
Test (2B): basic agreement ...
  ... Passed --   0.3  3   18    5250    3
Test (2B): RPC byte count ...
  ... Passed --   0.8  3   48  114904   11
Test (2B): agreement despite follower disconnection ...
  ... Passed --   5.1  3  464  135566    8
Test (2B): no agreement if too many followers disconnect ...
  ... Passed --   3.4  5  648  152038    4
Test (2B): concurrent Start()s ...
  ... Passed --   0.5  3   32    9528    6
Test (2B): rejoin of partitioned leader ...
  ... Passed --   4.1  3  534  125167    4
Test (2B): leader backs up quickly over incorrect follower logs ...
  ... Passed --   9.6  5 3192 2628870  102
Test (2B): RPC counts aren't too high ...
--- FAIL: TestCount2B (2.09s)
    test_test.go:580: too many RPCs (94) for 1 second of idleness
FAIL
exit status 1
FAIL	6.824/raft	25.991s
